{"numTotalTestSuites":46,"numPassedTestSuites":46,"numFailedTestSuites":0,"numPendingTestSuites":0,"numTotalTests":213,"numPassedTests":213,"numFailedTests":0,"numPendingTests":0,"numTodoTests":0,"snapshot":{"added":0,"failure":false,"filesAdded":0,"filesRemoved":0,"filesRemovedList":[],"filesUnmatched":0,"filesUpdated":0,"matched":0,"total":0,"unchecked":0,"uncheckedKeysByFile":[],"unmatched":0,"updated":0,"didUpdate":false},"startTime":1788124021747,"success":true,"testResults":[{"assertionResults":[{"ancestorTitles":["compileExpectedHttpFailures"],"fullName":"compileExpectedHttpFailures binds an exact API failure to the preview origin","status":"passed","title":"binds an exact API failure to the preview origin","duration":3.386700000000019,"failureMessages":[],"meta":{},"tags":[]},{"ancestorTitles":["compileExpectedHttpFailures"],"fullName":"compileExpectedHttpFailures binds exact document and worker failures only to a route whose expected status matches","status":"passed","title":"binds exact document and worker failures only to a route whose expected status matches","duration":1.6256999999999948,"failureMessages":[],"meta":{},"tags":[]},{"ancestorTitles":["compileExpectedHttpFailures"],"fullName":"compileExpectedHttpFailures rejects a broad or incomplete declaration 0","status":"passed","title":"rejects a broad or incomplete declaration 0","duration":0.40320000000002665,"failureMessages":[],"meta":{},"tags":[]},{"ancestorTitles":["compileExpectedHttpFailures"],"fullName":"compileExpectedHttpFailures rejects a broad or incomplete declaration 1","status":"passed","title":"rejects a broad or incomplete declaration 1","duration":0.23439999999999372,"failureMessages":[],"meta":{},"tags":[]},{"ancestorTitles":["compileExpectedHttpFailures"],"fullName":"compileExpectedHttpFailures rejects a broad or incomplete declaration 2","status":"passed","title":"rejects a broad or incomplete declaration 2","duration":0.2845999999999549,"failureMessages":[],"meta":{},"tags":[]},{"ancestorTitles":["compileExpectedHttpFailures"],"fullName":"compileExpectedHttpFailures rejects a broad or incomplete declaration 3","status":"passed","title":"rejects a broad or incomplete declaration 3","duration":0.18989999999996598,"failureMessages":[],"meta":{},"tags":[]},{"ancestorTitles":["compileExpectedHttpFailures"],"fullName":"compileExpectedHttpFailures rejects a broad or incomplete declaration 4","status":"passed","title":"rejects a broad or incomplete declaration 4","duration":0.14449999999999363,"failureMessages":[],"meta":{},"tags":[]},{"ancestorTitles":["compileExpectedHttpFailures"],"fullName":"compileExpectedHttpFailures rejects a broad or incomplete declaration 5","status":"passed","title":"rejects a broad or incomplete declaration 5","duration":0.14049999999997453,"failureMessages":[],"meta":{},"tags":[]},{"ancestorTitles":["compileExpectedHttpFailures"],"fullName":"compileExpectedHttpFailures rejects a broad or incomplete declaration 6","status":"passed","title":"rejects a broad or incomplete declaration 6","duration":0.4895999999999958,"failureMessages":[],"meta":{},"tags":[]},{"ancestorTitles":["compileExpectedHttpFailures"],"fullName":"compileExpectedHttpFailures rejects a broad or incomplete declaration 7","status":"passed","title":"rejects a broad or incomplete declaration 7","duration":0.3813000000000102,"failureMessages":[],"meta":{},"tags":[]},{"ancestorTitles":["compileExpectedHttpFailures"],"fullName":"compileExpectedHttpFailures rejects a broad or incomplete declaration 8","status":"passed","title":"rejects a broad or incomplete declaration 8","duration":0.2728000000000179,"failureMessages":[],"meta":{},"tags":[]},{"ancestorTitles":["compileExpectedHttpFailures"],"fullName":"compileExpectedHttpFailures rejects duplicate method and URL declarations","status":"passed","title":"rejects duplicate method and URL declarations","duration":0.5335000000000036,"failureMessages":[],"meta":{},"tags":[]},{"ancestorTitles":["compileExpectedHttpFailures"],"fullName":"compileExpectedHttpFailures rejects two network declarations that claim the same console signal","status":"passed","title":"rejects two network declarations that claim the same console signal","duration":0.27899999999999636,"failureMessages":[],"meta":{},"tags":[]},{"ancestorTitles":["bindReviewedAssertionNotes"],"fullName":"bindReviewedAssertionNotes machine-binds an exact candidate source tree before a note can apply","status":"passed","title":"machine-binds an exact candidate source tree before a note can apply","duration":2.3239000000000374,"failureMessages":[],"meta":{},"tags":[]},{"ancestorTitles":["bindReviewedAssertionNotes"],"fullName":"bindReviewedAssertionNotes rejects a candidate source-tree drift","status":"passed","title":"rejects a candidate source-tree drift","duration":0.39140000000003283,"failureMessages":[],"meta":{},"tags":[]},{"ancestorTitles":["bindReviewedAssertionNotes"],"fullName":"bindReviewedAssertionNotes rejects notes attached to any route other than the external Hino microsite","status":"passed","title":"rejects notes attached to any route other than the external Hino microsite","duration":0.24160000000000537,"failureMessages":[],"meta":{},"tags":[]},{"ancestorTitles":["controlled evidence UI state"],"fullName":"controlled evidence UI state uses the product's documented session-only PWA dismissal key","status":"passed","title":"uses the product's documented session-only PWA dismissal key","duration":0.2307999999999879,"failureMessages":[],"meta":{},"tags":[]},{"ancestorTitles":["controlled evidence UI state"],"fullName":"controlled evidence UI state reads the persistent controller-change counter last with no later await","status":"passed","title":"reads the persistent controller-change counter last with no later await","duration":0.36250000000001137,"failureMessages":[],"meta":{},"tags":[]},{"ancestorTitles":["controlled evidence UI state"],"fullName":"controlled evidence UI state verifies and resets the warm-up counter atomically after registration lookup","status":"passed","title":"verifies and resets the warm-up counter atomically after registration lookup","duration":0.2746999999999957,"failureMessages":[],"meta":{},"tags":[]},{"ancestorTitles":["controlled evidence UI state"],"fullName":"controlled evidence UI state establishes and attests one exact active controller before any recorded route","status":"passed","title":"establishes and attests one exact active controller before any recorded route","duration":2.8775999999999726,"failureMessages":[],"meta":{},"tags":[]},{"ancestorTitles":["controlled evidence UI state"],"fullName":"controlled evidence UI state accepts only the exact three-record warm-up multiset","status":"passed","title":"accepts only the exact three-record warm-up multiset","duration":0.30059999999997444,"failureMessages":[],"meta":{},"tags":[]},{"ancestorTitles":["controlled evidence UI state"],"fullName":"controlled evidence UI state rejects missing worker fetch in the warm-up network multiset","status":"passed","title":"rejects missing worker fetch in the warm-up network multiset","duration":0.29649999999998045,"failureMessages":[],"meta":{},"tags":[]},{"ancestorTitles":["controlled evidence UI state"],"fullName":"controlled evidence UI state rejects extra request in the warm-up network multiset","status":"passed","title":"rejects extra request in the warm-up network multiset","duration":1.012200000000007,"failureMessages":[],"meta":{},"tags":[]},{"ancestorTitles":["controlled evidence UI state"],"fullName":"controlled evidence UI state rejects duplicate request in the warm-up network multiset","status":"passed","title":"rejects duplicate request in the warm-up network multiset","duration":0.15510000000000446,"failureMessages":[],"meta":{},"tags":[]},{"ancestorTitles":["controlled evidence UI state"],"fullName":"controlled evidence UI state rejects method drift in the warm-up network multiset","status":"passed","title":"rejects method drift in the warm-up network multiset","duration":0.16849999999999454,"failureMessages":[],"meta":{},"tags":[]},{"ancestorTitles":["controlled evidence UI state"],"fullName":"controlled evidence UI state rejects status drift in the warm-up network multiset","status":"passed","title":"rejects status drift in the warm-up network multiset","duration":0.19889999999998054,"failureMessages":[],"meta":{},"tags":[]},{"ancestorTitles":["controlled evidence UI state"],"fullName":"controlled evidence UI state rejects resource-type drift in the warm-up network multiset","status":"passed","title":"rejects resource-type drift in the warm-up network multiset","duration":0.24210000000005039,"failureMessages":[],"meta":{},"tags":[]},{"ancestorTitles":["controlled evidence UI state"],"fullName":"controlled evidence UI state rejects main target-type drift in the warm-up network multiset","status":"passed","title":"rejects main target-type drift in the warm-up network multiset","duration":0.17320000000000846,"failureMessages":[],"meta":{},"tags":[]},{"ancestorTitles":["controlled evidence UI state"],"fullName":"controlled evidence UI state rejects missing child target type in the warm-up network multiset","status":"passed","title":"rejects missing child target type in the warm-up network multiset","duration":0.14780000000001792,"failureMessages":[],"meta":{},"tags":[]},{"ancestorTitles":["controlled evidence UI state"],"fullName":"controlled evidence UI state serializes only the five approved fields from successful raw records","status":"passed","title":"serializes only the five approved fields from successful raw records","duration":0.2699000000000069,"failureMessages":[],"meta":{},"tags":[]},{"ancestorTitles":["controlled evidence UI state"],"fullName":"controlled evidence UI state rejects warm-up traffic outside the exact three-record multiset","status":"passed","title":"rejects warm-up traffic outside the exact three-record multiset","duration":1.315999999999974,"failureMessages":[],"meta":{},"tags":[]},{"ancestorTitles":["controlled evidence UI state"],"fullName":"controlled evidence UI state rejects a second controller transition before the warm-up counter is reset","status":"passed","title":"rejects a second controller transition before the warm-up counter is reset","duration":0.39730000000002974,"failureMessages":[],"meta":{},"tags":[]},{"ancestorTitles":["controlled evidence UI state"],"fullName":"controlled evidence UI state does not erase a controller transition that arrives before the atomic reset","status":"passed","title":"does not erase a controller transition that arrives before the atomic reset","duration":0.4206999999999539,"failureMessages":[],"meta":{},"tags":[]},{"ancestorTitles":["controlled evidence UI state"],"fullName":"controlled evidence UI state requires the exact active tuple and zero controller changes on every recorded run","status":"passed","title":"requires the exact active tuple and zero controller changes on every recorded run","duration":0.3342000000000098,"failureMessages":[],"meta":{},"tags":[]},{"ancestorTitles":["controlled evidence UI state"],"fullName":"controlled evidence UI state binds every network-generating external URL in the candidate HTML to an exact local substitution","status":"passed","title":"binds every network-generating external URL in the candidate HTML to an exact local substitution","duration":35.14859999999999,"failureMessages":[],"meta":{},"tags":[]},{"ancestorTitles":["evidence envelope path privacy"],"fullName":"evidence envelope path privacy uses a content-bound safe identifier for C:\\Users\\operator\\private-checkout\\custom-routes.json","status":"passed","title":"uses a content-bound safe identifier for C:\\Users\\operator\\private-checkout\\custom-routes.json","duration":0.8122000000000185,"failureMessages":[],"meta":{},"tags":[]},{"ancestorTitles":["evidence envelope path privacy"],"fullName":"evidence envelope path privacy uses a content-bound safe identifier for /home/operator/private-checkout/custom-routes.json","status":"passed","title":"uses a content-bound safe identifier for /home/operator/private-checkout/custom-routes.json","duration":0.2663000000000011,"failureMessages":[],"meta":{},"tags":[]},{"ancestorTitles":["evidence envelope path privacy"],"fullName":"evidence envelope path privacy uses a content-bound safe identifier for \\\\private-server\\operator\\private-checkout\\custom-routes.json","status":"passed","title":"uses a content-bound safe identifier for \\\\private-server\\operator\\private-checkout\\custom-routes.json","duration":0.21760000000000446,"failureMessages":[],"meta":{},"tags":[]},{"ancestorTitles":["evaluateSelfHostedFontSnapshot"],"fullName":"evaluateSelfHostedFontSnapshot requires every pinned weight and the computed body family","status":"passed","title":"requires every pinned weight and the computed body family","duration":0.32210000000003447,"failureMessages":[],"meta":{},"tags":[]},{"ancestorTitles":["evaluateSelfHostedFontSnapshot"],"fullName":"evaluateSelfHostedFontSnapshot is explicitly not applicable only to the external Hino microsite","status":"passed","title":"is explicitly not applicable only to the external Hino microsite","duration":0.22790000000003374,"failureMessages":[],"meta":{},"tags":[]},{"ancestorTitles":["evaluateMetadataRestoration"],"fullName":"evaluateMetadataRestoration passes only an exact public-private-public transition with identity and metadata changes","status":"passed","title":"passes only an exact public-private-public transition with identity and metadata changes","duration":0.28820000000001755,"failureMessages":[],"meta":{},"tags":[]},{"ancestorTitles":["evaluateMetadataRestoration"],"fullName":"evaluateMetadataRestoration blocks the historical no-navigation false pass even when before and after metadata match","status":"passed","title":"blocks the historical no-navigation false pass even when before and after metadata match","duration":0.1675000000000182,"failureMessages":[],"meta":{},"tags":[]},{"ancestorTitles":["evaluateEvidencePhaseTelemetry"],"fullName":"evaluateEvidencePhaseTelemetry passes a settled closing phase with no blocking telemetry","status":"passed","title":"passes a settled closing phase with no blocking telemetry","duration":0.2840999999999667,"failureMessages":[],"meta":{},"tags":[]},{"ancestorTitles":["evaluateEvidencePhaseTelemetry"],"fullName":"evaluateEvidencePhaseTelemetry fails on a child-target exception even when every request succeeded","status":"passed","title":"fails on a child-target exception even when every request succeeded","duration":0.1308999999999969,"failureMessages":[],"meta":{},"tags":[]},{"ancestorTitles":["evaluateEvidencePhaseTelemetry"],"fullName":"evaluateEvidencePhaseTelemetry fails closed when the phase telemetry source is incomplete","status":"passed","title":"fails closed when the phase telemetry source is incomplete","duration":0.0946999999999889,"failureMessages":[],"meta":{},"tags":[]},{"ancestorTitles":["evaluateEvidencePhaseTelemetry"],"fullName":"evaluateEvidencePhaseTelemetry requires exactly zero browser network records in finalization","status":"passed","title":"requires exactly zero browser network records in finalization","duration":0.10210000000000719,"failureMessages":[],"meta":{},"tags":[]},{"ancestorTitles":["evaluateRunPhaseBoundaryTelemetry"],"fullName":"evaluateRunPhaseBoundaryTelemetry passes only an exact settled run boundary","status":"passed","title":"passes only an exact settled run boundary","duration":0.18739999999996826,"failureMessages":[],"meta":{},"tags":[]},{"ancestorTitles":["evaluateRunPhaseBoundaryTelemetry"],"fullName":"evaluateRunPhaseBoundaryTelemetry fails before reset when a final PWA read overlaps an in-flight request","status":"passed","title":"fails before reset when a final PWA read overlaps an in-flight request","duration":0.10730000000000928,"failureMessages":[],"meta":{},"tags":[]},{"ancestorTitles":["evaluateRunPhaseBoundaryTelemetry"],"fullName":"evaluateRunPhaseBoundaryTelemetry snapshots pending state after the final PWA read and before resetting","status":"passed","title":"snapshots pending state after the final PWA read and before resetting","duration":0.4112999999999829,"failureMessages":[],"meta":{},"tags":[]},{"ancestorTitles":["evaluateRouteStateContract"],"fullName":"evaluateRouteStateContract passes only the neutral unavailable confirmation state","status":"passed","title":"passes only the neutral unavailable confirmation state","duration":0.3575999999999908,"failureMessages":[],"meta":{},"tags":[]},{"ancestorTitles":["evaluateRouteStateContract"],"fullName":"evaluateRouteStateContract blocks an arbitrary URL that renders a false submitted receipt","status":"passed","title":"blocks an arbitrary URL that renders a false submitted receipt","duration":0.21829999999999927,"failureMessages":[],"meta":{},"tags":[]},{"ancestorTitles":["evaluateRouteStateContract"],"fullName":"evaluateRouteStateContract blocks a redirect or route mismatch even when state text happens to match","status":"passed","title":"blocks a redirect or route mismatch even when state text happens to match","duration":0.11950000000001637,"failureMessages":[],"meta":{},"tags":[]},{"ancestorTitles":["evaluateRouteStateContract"],"fullName":"evaluateRouteStateContract binds a declared redirect to its exact encoded returnTo query","status":"passed","title":"binds a declared redirect to its exact encoded returnTo query","duration":0.31939999999997326,"failureMessages":[],"meta":{},"tags":[]},{"ancestorTitles":["evaluateRouteStateContract"],"fullName":"evaluateRouteStateContract treats a missing route identity contract as release-blocking","status":"passed","title":"treats a missing route identity contract as release-blocking","duration":0.11510000000004084,"failureMessages":[],"meta":{},"tags":[]}],"startTime":1788124035338,"endTime":1788124035400.115,"status":"passed","message":"","name":"C:/Users/sboad/projects/xenios-exact-r11-evidence-primary-c015691-lf-retry3c-20260830/scripts/evidence/capture-browser-matrix.test.mjs"},{"assertionResults":[{"ancestorTitles":["capture-synthetic-journeys"],"fullName":"capture-synthetic-journeys defines the exact ten representative and status-truth states required by the supplemental gate","status":"passed","title":"defines the exact ten representative and status-truth states required by the supplemental gate","duration":3.4120999999999526,"failureMessages":[],"meta":{},"tags":[]},{"ancestorTitles":["capture-synthetic-journeys"],"fullName":"capture-synthetic-journeys parses explicit evidence arguments and rejects bad ports","status":"passed","title":"parses explicit evidence arguments and rejects bad ports","duration":1.4303000000000452,"failureMessages":[],"meta":{},"tags":[]},{"ancestorTitles":["capture-synthetic-journeys"],"fullName":"capture-synthetic-journeys does not pass provider credentials into preview child processes","status":"passed","title":"does not pass provider credentials into preview child processes","duration":0.34739999999999327,"failureMessages":[],"meta":{},"tags":[]},{"ancestorTitles":["capture-synthetic-journeys"],"fullName":"capture-synthetic-journeys clears only auth and persona state without restarting the service worker","status":"passed","title":"clears only auth and persona state without restarting the service worker","duration":1.0591000000000008,"failureMessages":[],"meta":{},"tags":[]},{"ancestorTitles":["capture-synthetic-journeys"],"fullName":"capture-synthetic-journeys redacts generated references and preview tokens from textual artifacts","status":"passed","title":"redacts generated references and preview tokens from textual artifacts","duration":0.8312000000000239,"failureMessages":[],"meta":{},"tags":[]},{"ancestorTitles":["capture-synthetic-journeys"],"fullName":"capture-synthetic-journeys sends the synthetic status credential by header without putting it in the URL","status":"passed","title":"sends the synthetic status credential by header without putting it in the URL","duration":1.0287999999999897,"failureMessages":[],"meta":{},"tags":[]},{"ancestorTitles":["capture-synthetic-journeys"],"fullName":"capture-synthetic-journeys requires exactly twenty captures and distinguishes the two expected denial notes","status":"passed","title":"requires exactly twenty captures and distinguishes the two expected denial notes","duration":0.5259999999999536,"failureMessages":[],"meta":{},"tags":[]},{"ancestorTitles":["capture-synthetic-journeys"],"fullName":"capture-synthetic-journeys evaluates route location and semantic state instead of hard-coding their PASS results","status":"passed","title":"evaluates route location and semantic state instead of hard-coding their PASS results","duration":0.5009000000000015,"failureMessages":[],"meta":{},"tags":[]},{"ancestorTitles":["capture-synthetic-journeys"],"fullName":"capture-synthetic-journeys requires every browser, semantic, and synthetic assertion exactly once","status":"passed","title":"requires every browser, semantic, and synthetic assertion exactly once","duration":0.7633999999999901,"failureMessages":[],"meta":{},"tags":[]},{"ancestorTitles":["capture-synthetic-journeys"],"fullName":"capture-synthetic-journeys predeclares the exact forged-reference denial without exposing it after sanitization","status":"passed","title":"predeclares the exact forged-reference denial without exposing it after sanitization","duration":0.8404999999999632,"failureMessages":[],"meta":{},"tags":[]},{"ancestorTitles":["capture-synthetic-journeys"],"fullName":"capture-synthetic-journeys builds an exact forty-file candidate-bound inventory","status":"passed","title":"builds an exact forty-file candidate-bound inventory","duration":9.753899999999987,"failureMessages":[],"meta":{},"tags":[]},{"ancestorTitles":["capture-synthetic-journeys"],"fullName":"capture-synthetic-journeys installs a fail-closed WebSocket constructor with only declared HMR origins","status":"passed","title":"installs a fail-closed WebSocket constructor with only declared HMR origins","duration":0.2989000000000033,"failureMessages":[],"meta":{},"tags":[]},{"ancestorTitles":["capture-synthetic-journeys"],"fullName":"capture-synthetic-journeys blocks every external HTTP(S)/WS(S) request with no font exception","status":"passed","title":"blocks every external HTTP(S)/WS(S) request with no font exception","duration":0.4070000000000391,"failureMessages":[],"meta":{},"tags":[]}],"startTime":1788124036202,"endTime":1788124036223.407,"status":"passed","message":"","name":"C:/Users/sboad/projects/xenios-exact-r11-evidence-primary-c015691-lf-retry3c-20260830/scripts/evidence/capture-synthetic-journeys.test.mjs"},{"assertionResults":[{"ancestorTitles":["buildManifest strict evidence inspection"],"fullName":"buildManifest strict evidence inspection accepts only a complete, artifact-bound, exact-candidate evidence bundle","status":"passed","title":"accepts only a complete, artifact-bound, exact-candidate evidence bundle","duration":27.02430000000004,"failureMessages":[],"meta":{},"tags":[]},{"ancestorTitles":["buildManifest strict evidence inspection"],"fullName":"buildManifest strict evidence inspection binds browser and raw title/description evidence to one exact route contract","status":"passed","title":"binds browser and raw title/description evidence to one exact route contract","duration":18.495900000000006,"failureMessages":[],"meta":{},"tags":[]},{"ancestorTitles":["buildManifest strict evidence inspection"],"fullName":"buildManifest strict evidence inspection rejects late synthetic violations and envelope/artifact disagreements","status":"passed","title":"rejects late synthetic violations and envelope/artifact disagreements","duration":12.367199999999912,"failureMessages":[],"meta":{},"tags":[]},{"ancestorTitles":["buildManifest strict evidence inspection"],"fullName":"buildManifest strict evidence inspection rejects missing, malformed, or unverifiable artifact hashes","status":"passed","title":"rejects missing, malformed, or unverifiable artifact hashes","duration":18.653099999999995,"failureMessages":[],"meta":{},"tags":[]},{"ancestorTitles":["buildManifest strict evidence inspection"],"fullName":"buildManifest strict evidence inspection requires exact semantic, network-boundary, expected-failure, and focus assertions","status":"passed","title":"requires exact semantic, network-boundary, expected-failure, and focus assertions","duration":149.9502,"failureMessages":[],"meta":{},"tags":[]},{"ancestorTitles":["buildManifest strict evidence inspection"],"fullName":"buildManifest strict evidence inspection fails closed on missing zoom, media, width, duplicate, or unexpected inventory records","status":"passed","title":"fails closed on missing zoom, media, width, duplicate, or unexpected inventory records","duration":23.213400000000092,"failureMessages":[],"meta":{},"tags":[]},{"ancestorTitles":["buildManifest strict evidence inspection"],"fullName":"buildManifest strict evidence inspection requires the exact declared forged-neutral and server-verified status journeys","status":"passed","title":"requires the exact declared forged-neutral and server-verified status journeys","duration":37.08850000000007,"failureMessages":[],"meta":{},"tags":[]},{"ancestorTitles":["buildManifest strict evidence inspection"],"fullName":"buildManifest strict evidence inspection does not trust a stale HTTP record or an incomplete HTTP assertion summary","status":"passed","title":"does not trust a stale HTTP record or an incomplete HTTP assertion summary","duration":34.62959999999998,"failureMessages":[],"meta":{},"tags":[]},{"ancestorTitles":["buildManifest strict evidence inspection"],"fullName":"buildManifest strict evidence inspection independently validates exact production canonical and complete Open Graph metadata","status":"passed","title":"independently validates exact production canonical and complete Open Graph metadata","duration":4.718599999999924,"failureMessages":[],"meta":{},"tags":[]},{"ancestorTitles":["buildManifest strict evidence inspection"],"fullName":"buildManifest strict evidence inspection validates every provenance and requires matrix/HTTP build and origin agreement","status":"passed","title":"validates every provenance and requires matrix/HTTP build and origin agreement","duration":28.18419999999992,"failureMessages":[],"meta":{},"tags":[]},{"ancestorTitles":["buildManifest strict evidence inspection"],"fullName":"buildManifest strict evidence inspection binds a clean PII result to the exact evidence-file inventory","status":"passed","title":"binds a clean PII result to the exact evidence-file inventory","duration":10.65949999999998,"failureMessages":[],"meta":{},"tags":[]},{"ancestorTitles":["buildManifest strict evidence inspection"],"fullName":"buildManifest strict evidence inspection resets stale approval and generated-evidence state and rejects a different template SHA","status":"passed","title":"resets stale approval and generated-evidence state and rejects a different template SHA","duration":4.481800000000021,"failureMessages":[],"meta":{},"tags":[]},{"ancestorTitles":["buildManifest strict evidence inspection"],"fullName":"buildManifest strict evidence inspection does not mutate its template and keeps the final recut artifact default","status":"passed","title":"does not mutate its template and keeps the final recut artifact default","duration":2.62519999999995,"failureMessages":[],"meta":{},"tags":[]},{"ancestorTitles":["buildManifest strict evidence inspection"],"fullName":"buildManifest strict evidence inspection rejects a selected template that weakens the committed minimum policy","status":"passed","title":"rejects a selected template that weakens the committed minimum policy","duration":2.3432000000000244,"failureMessages":[],"meta":{},"tags":[]}],"startTime":1788124022817,"endTime":1788124023192.3433,"status":"passed","message":"","name":"C:/Users/sboad/projects/xenios-exact-r11-evidence-primary-c015691-lf-retry3c-20260830/scripts/evidence/generate-evidence-manifest.test.mjs"},{"assertionResults":[{"ancestorTitles":["evidence network boundary"],"fullName":"evidence network boundary allows only the exact HTTP preview origin for raw document capture","status":"passed","title":"allows only the exact HTTP preview origin for raw document capture","duration":3.7042000000000144,"failureMessages":[],"meta":{},"tags":[]},{"ancestorTitles":["evidence network boundary"],"fullName":"evidence network boundary allows safe in-document URLs but rejects external and socket traffic","status":"passed","title":"allows safe in-document URLs but rejects external and socket traffic","duration":0.6908999999999992,"failureMessages":[],"meta":{},"tags":[]},{"ancestorTitles":["evidence network boundary"],"fullName":"evidence network boundary rejects a dimension-matching bitmap if layout grew during capture","status":"passed","title":"rejects a dimension-matching bitmap if layout grew during capture","duration":0.3708000000000311,"failureMessages":[],"meta":{},"tags":[]},{"ancestorTitles":["evidence network boundary"],"fullName":"evidence network boundary removes an unanswered timed CDP command from the pending map","status":"passed","title":"removes an unanswered timed CDP command from the pending map","duration":15.825199999999995,"failureMessages":[],"meta":{},"tags":[]},{"ancestorTitles":["evidence network boundary"],"fullName":"evidence network boundary keeps late body telemetry from a reset generation out of the next capture","status":"passed","title":"keeps late body telemetry from a reset generation out of the next capture","duration":2.3170000000000073,"failureMessages":[],"meta":{},"tags":[]},{"ancestorTitles":["evidence network boundary"],"fullName":"evidence network boundary bounds unavailable body telemetry and leaves an explicit fail-closed result","status":"passed","title":"bounds unavailable body telemetry and leaves an explicit fail-closed result","duration":28.560099999999977,"failureMessages":[],"meta":{},"tags":[]},{"ancestorTitles":["evidence network boundary"],"fullName":"evidence network boundary turns a malformed CDP body reply into resolved unavailable telemetry","status":"passed","title":"turns a malformed CDP body reply into resolved unavailable telemetry","duration":1.3729000000000156,"failureMessages":[],"meta":{},"tags":[]},{"ancestorTitles":["evidence network boundary"],"fullName":"evidence network boundary reconciles one exact old-loader request only after its current-loader service-worker replacement finishes","status":"passed","title":"reconciles one exact old-loader request only after its current-loader service-worker replacement finishes","duration":1.245900000000006,"failureMessages":[],"meta":{},"tags":[]},{"ancestorTitles":["evidence network boundary"],"fullName":"evidence network boundary keeps a genuinely unresolved same-loader duplicate pending","status":"passed","title":"keeps a genuinely unresolved same-loader duplicate pending","duration":59.79499999999996,"failureMessages":[],"meta":{},"tags":[]},{"ancestorTitles":["evidence network boundary"],"fullName":"evidence network boundary keeps ambiguous and non-service-worker old-loader requests pending","status":"passed","title":"keeps ambiguous and non-service-worker old-loader requests pending","duration":1.0422000000000367,"failureMessages":[],"meta":{},"tags":[]},{"ancestorTitles":["evidence network boundary"],"fullName":"evidence network boundary keeps missing-identity, non-200, and child-session candidates pending","status":"passed","title":"keeps missing-identity, non-200, and child-session candidates pending","duration":0.8421999999999912,"failureMessages":[],"meta":{},"tags":[]},{"ancestorTitles":["live CDP evidence boundary regressions"],"fullName":"live CDP evidence boundary regressions records dedicated-worker, SharedWorker, and service-worker egress before release","status":"passed","title":"records dedicated-worker, SharedWorker, and service-worker egress before release","duration":333.57180000000005,"failureMessages":[],"meta":{},"tags":[]},{"ancestorTitles":["live CDP evidence boundary regressions"],"fullName":"live CDP evidence boundary regressions records service-worker console errors on the child target","status":"passed","title":"records service-worker console errors on the child target","duration":308.4262000000001,"failureMessages":[],"meta":{},"tags":[]},{"ancestorTitles":["live CDP evidence boundary regressions"],"fullName":"live CDP evidence boundary regressions records an uncaught service-worker exception on the child target","status":"passed","title":"records an uncaught service-worker exception on the child target","duration":253.73340000000007,"failureMessages":[],"meta":{},"tags":[]},{"ancestorTitles":["live CDP evidence boundary regressions"],"fullName":"live CDP evidence boundary regressions preserves child errors received between a phase reset and navigation","status":"passed","title":"preserves child errors received between a phase reset and navigation","duration":591.5299,"failureMessages":[],"meta":{},"tags":[]},{"ancestorTitles":["live CDP evidence boundary regressions"],"fullName":"live CDP evidence boundary regressions passes the production-shaped exact three-record warm-up","status":"passed","title":"passes the production-shaped exact three-record warm-up","duration":2143.9992,"failureMessages":[],"meta":{},"tags":[]},{"ancestorTitles":["live CDP evidence boundary regressions"],"fullName":"live CDP evidence boundary regressions disables HTTP-cache stale-while-revalidate without weakening network idle","status":"passed","title":"disables HTTP-cache stale-while-revalidate without weakening network idle","duration":530.5504000000001,"failureMessages":[],"meta":{},"tags":[]},{"ancestorTitles":["live CDP evidence boundary regressions"],"fullName":"live CDP evidence boundary regressions rejects a worker that logs an error and omits the offline cache fetch","status":"passed","title":"rejects a worker that logs an error and omits the offline cache fetch","duration":2077.4160999999995,"failureMessages":[],"meta":{},"tags":[]},{"ancestorTitles":["live CDP evidence boundary regressions"],"fullName":"live CDP evidence boundary regressions fails closed when a request never reaches network idle","status":"passed","title":"fails closed when a request never reaches network idle","duration":465.95300000000043,"failureMessages":[],"meta":{},"tags":[]},{"ancestorTitles":["live CDP evidence boundary regressions"],"fullName":"live CDP evidence boundary regressions does not release a request that begins during the final paint check","status":"passed","title":"does not release a request that begins during the final paint check","duration":2743.3532000000005,"failureMessages":[],"meta":{},"tags":[]},{"ancestorTitles":["live CDP evidence boundary regressions"],"fullName":"live CDP evidence boundary regressions settles exact 4xx/5xx body hashes for page and child-target requests","status":"passed","title":"settles exact 4xx/5xx body hashes for page and child-target requests","duration":317.2524000000012,"failureMessages":[],"meta":{},"tags":[]},{"ancestorTitles":["live CDP evidence boundary regressions"],"fullName":"live CDP evidence boundary regressions blocks WebRTC/STUN before any UDP packet can leave Chromium","status":"passed","title":"blocks WebRTC/STUN before any UDP packet can leave Chromium","duration":505.70939999999973,"failureMessages":[],"meta":{},"tags":[]},{"ancestorTitles":["live CDP evidence boundary regressions"],"fullName":"live CDP evidence boundary regressions captures reviewed long pages beyond the old 12000px ceiling or refuses explicitly","status":"passed","title":"captures reviewed long pages beyond the old 12000px ceiling or refuses explicitly","duration":433.6848000000009,"failureMessages":[],"meta":{},"tags":[]}],"startTime":1788124023543,"endTime":1788124034823.6848,"status":"passed","message":"","name":"C:/Users/sboad/projects/xenios-exact-r11-evidence-primary-c015691-lf-retry3c-20260830/scripts/evidence/network-boundary.test.mjs"},{"assertionResults":[{"ancestorTitles":["evidence PII envelope privacy"],"fullName":"evidence PII envelope privacy never serializes the operator's absolute output directory","status":"passed","title":"never serializes the operator's absolute output directory","duration":20.166000000000025,"failureMessages":[],"meta":{},"tags":[]},{"ancestorTitles":["evidence PII envelope privacy"],"fullName":"evidence PII envelope privacy marks unknown artifact extensions incomplete instead of silently CLEAN","status":"passed","title":"marks unknown artifact extensions incomplete instead of silently CLEAN","duration":12.244199999999978,"failureMessages":[],"meta":{},"tags":[]},{"ancestorTitles":["evidence PII envelope privacy"],"fullName":"evidence PII envelope privacy exits nonzero for incomplete coverage in the mandatory release mode","status":"passed","title":"exits nonzero for incomplete coverage in the mandatory release mode","duration":71.48340000000002,"failureMessages":[],"meta":{},"tags":[]},{"ancestorTitles":["evidence PII envelope privacy"],"fullName":"evidence PII envelope privacy rejects textual payloads disguised as PNG screenshots","status":"passed","title":"rejects textual payloads disguised as PNG screenshots","duration":3.596299999999985,"failureMessages":[],"meta":{},"tags":[]},{"ancestorTitles":["evidence PII envelope privacy"],"fullName":"evidence PII envelope privacy does not scan malformed or NUL-delimited text as if it were UTF-8 evidence","status":"passed","title":"does not scan malformed or NUL-delimited text as if it were UTF-8 evidence","duration":8.08680000000004,"failureMessages":[],"meta":{},"tags":[]},{"ancestorTitles":["evidence PII envelope privacy"],"fullName":"evidence PII envelope privacy accepts a strict PNG for manual review but rejects free-form PNG metadata","status":"passed","title":"accepts a strict PNG for manual review but rejects free-form PNG metadata","duration":21.728499999999997,"failureMessages":[],"meta":{},"tags":[]}],"startTime":1788124056221,"endTime":1788124056358.7285,"status":"passed","message":"","name":"C:/Users/sboad/projects/xenios-exact-r11-evidence-primary-c015691-lf-retry3c-20260830/scripts/evidence/pii-scan.test.mjs"},{"assertionResults":[{"ancestorTitles":["public evidence topology"],"fullName":"public evidence topology assigns the warm-silver reconciliation to /research, never the global root","status":"passed","title":"assigns the warm-silver reconciliation to /research, never the global root","duration":1.9126999999999725,"failureMessages":[],"meta":{},"tags":[]},{"ancestorTitles":["public evidence topology"],"fullName":"public evidence topology requires independent evidence for the reconciled Research and global roots","status":"passed","title":"requires independent evidence for the reconciled Research and global roots","duration":0.7794999999999845,"failureMessages":[],"meta":{},"tags":[]},{"ancestorTitles":["public evidence topology"],"fullName":"public evidence topology covers every tracked sitemap and raw-policy public document identity","status":"passed","title":"covers every tracked sitemap and raw-policy public document identity","duration":3.1539999999999964,"failureMessages":[],"meta":{},"tags":[]},{"ancestorTitles":["public evidence topology"],"fullName":"public evidence topology binds every raw-public title and description to the exact browser contract","status":"passed","title":"binds every raw-public title and description to the exact browser contract","duration":5.274999999999977,"failureMessages":[],"meta":{},"tags":[]},{"ancestorTitles":["public evidence topology"],"fullName":"public evidence topology pins exact structured-data scope for every sitemap document","status":"passed","title":"pins exact structured-data scope for every sitemap document","duration":1.1306999999999334,"failureMessages":[],"meta":{},"tags":[]},{"ancestorTitles":["public evidence topology"],"fullName":"public evidence topology gives every browser route a unique artifact surface label","status":"passed","title":"gives every browser route a unique artifact surface label","duration":0.23260000000004766,"failureMessages":[],"meta":{},"tags":[]},{"ancestorTitles":["public evidence topology"],"fullName":"public evidence topology cannot weaken the all-route browser matrix below eight widths and required variants","status":"passed","title":"cannot weaken the all-route browser matrix below eight widths and required variants","duration":0.40620000000001255,"failureMessages":[],"meta":{},"tags":[]},{"ancestorTitles":["public evidence topology"],"fullName":"public evidence topology captures the actual public scheduler separately from private Care appointments","status":"passed","title":"captures the actual public scheduler separately from private Care appointments","duration":1.1650999999999385,"failureMessages":[],"meta":{},"tags":[]},{"ancestorTitles":["public evidence topology"],"fullName":"public evidence topology covers every required route surface and browser-required state","status":"passed","title":"covers every required route surface and browser-required state","duration":0.40479999999990923,"failureMessages":[],"meta":{},"tags":[]},{"ancestorTitles":["public evidence topology"],"fullName":"public evidence topology requires a blocking semantic identity contract for every browser route","status":"passed","title":"requires a blocking semantic identity contract for every browser route","duration":2.843399999999974,"failureMessages":[],"meta":{},"tags":[]},{"ancestorTitles":["public evidence topology"],"fullName":"public evidence topology pins the metadata-restoration navigation to distinct public and sign-in identities","status":"passed","title":"pins the metadata-restoration navigation to distinct public and sign-in identities","duration":0.165300000000002,"failureMessages":[],"meta":{},"tags":[]},{"ancestorTitles":["public evidence topology"],"fullName":"public evidence topology pins every signed-out account route to sign-in with its exact returnTo","status":"passed","title":"pins every signed-out account route to sign-in with its exact returnTo","duration":0.36630000000002383,"failureMessages":[],"meta":{},"tags":[]},{"ancestorTitles":["public evidence topology"],"fullName":"public evidence topology labels denied content routes as boundary-only and requires separate representative evidence","status":"passed","title":"labels denied content routes as boundary-only and requires separate representative evidence","duration":0.5163000000000011,"failureMessages":[],"meta":{},"tags":[]},{"ancestorTitles":["public evidence topology"],"fullName":"public evidence topology requires exact rich/empty/order/status journeys at desktop and mobile","status":"passed","title":"requires exact rich/empty/order/status journeys at desktop and mobile","duration":0.3446999999999889,"failureMessages":[],"meta":{},"tags":[]},{"ancestorTitles":["public evidence topology"],"fullName":"public evidence topology captures the empty wizard and the unverifiable confirmation fallback without calling either success","status":"passed","title":"captures the empty wizard and the unverifiable confirmation fallback without calling either success","duration":0.29769999999996344,"failureMessages":[],"meta":{},"tags":[]},{"ancestorTitles":["public evidence topology"],"fullName":"public evidence topology keeps loading and unmounted claims test-backed instead of inventing browser screenshots","status":"passed","title":"keeps loading and unmounted claims test-backed instead of inventing browser screenshots","duration":0.16579999999999018,"failureMessages":[],"meta":{},"tags":[]},{"ancestorTitles":["public evidence topology"],"fullName":"public evidence topology limits reviewed assertion notes to exact Hino target-finding fingerprints","status":"passed","title":"limits reviewed assertion notes to exact Hino target-finding fingerprints","duration":0.7129000000001042,"failureMessages":[],"meta":{},"tags":[]}],"startTime":1788124037050,"endTime":1788124037069.713,"status":"passed","message":"","name":"C:/Users/sboad/projects/xenios-exact-r11-evidence-primary-c015691-lf-retry3c-20260830/scripts/evidence/routes-public.test.mjs"},{"assertionResults":[{"ancestorTitles":["extractHtmlMetadata"],"fullName":"extractHtmlMetadata reads title, canonical, robots, open graph, lang and JSON-LD types from raw HTML","status":"passed","title":"reads title, canonical, robots, open graph, lang and JSON-LD types from raw HTML","duration":3.3582999999999856,"failureMessages":[],"meta":{},"tags":[]},{"ancestorTitles":["extractHtmlMetadata"],"fullName":"extractHtmlMetadata tolerates a document with no head metadata","status":"passed","title":"tolerates a document with no head metadata","duration":0.3038999999999987,"failureMessages":[],"meta":{},"tags":[]},{"ancestorTitles":["extractHtmlMetadata"],"fullName":"extractHtmlMetadata ignores canonical and Open Graph markup inside HTML comments","status":"passed","title":"ignores canonical and Open Graph markup inside HTML comments","duration":0.19460000000000832,"failureMessages":[],"meta":{},"tags":[]},{"ancestorTitles":["parseSitemapLocs"],"fullName":"parseSitemapLocs lists every <loc>","status":"passed","title":"lists every <loc>","duration":0.3113999999999919,"failureMessages":[],"meta":{},"tags":[]},{"ancestorTitles":["parseSitemapLocs"],"fullName":"parseSitemapLocs does not count commented-out sitemap locations","status":"passed","title":"does not count commented-out sitemap locations","duration":0.16399999999998727,"failureMessages":[],"meta":{},"tags":[]},{"ancestorTitles":["parseSitemapLocs"],"fullName":"parseSitemapLocs requires unique, credential-free exact production HTTPS URLs","status":"passed","title":"requires unique, credential-free exact production HTTPS URLs","duration":0.4895999999999958,"failureMessages":[],"meta":{},"tags":[]},{"ancestorTitles":["evaluateRobotsTxt"],"fullName":"evaluateRobotsTxt requires the complete reviewed directive sequence","status":"passed","title":"requires the complete reviewed directive sequence","duration":0.47509999999999764,"failureMessages":[],"meta":{},"tags":[]},{"ancestorTitles":["evaluateHttpHead"],"fullName":"evaluateHttpHead requires the exact HTML content type","status":"passed","title":"requires the exact HTML content type","duration":0.724899999999991,"failureMessages":[],"meta":{},"tags":[]},{"ancestorTitles":["evaluateHttpHead"],"fullName":"evaluateHttpHead treats sitemap parity and structured-data scope as not applicable for an external microsite","status":"passed","title":"treats sitemap parity and structured-data scope as not applicable for an external microsite","duration":0.4930999999999983,"failureMessages":[],"meta":{},"tags":[]},{"ancestorTitles":["evaluateHttpHead"],"fullName":"evaluateHttpHead requires noindex for a private route and forbids sitemap listing and JSON-LD","status":"passed","title":"requires noindex for a private route and forbids sitemap listing and JSON-LD","duration":0.4124000000000194,"failureMessages":[],"meta":{},"tags":[]},{"ancestorTitles":["evaluateHttpHead"],"fullName":"evaluateHttpHead fails a private route that leaks into the sitemap or emits structured data without noindex","status":"passed","title":"fails a private route that leaks into the sitemap or emits structured data without noindex","duration":0.27540000000001896,"failureMessages":[],"meta":{},"tags":[]},{"ancestorTitles":["evaluateHttpHead"],"fullName":"evaluateHttpHead refuses to grant external-microsite exemptions to any path except /hino","status":"passed","title":"refuses to grant external-microsite exemptions to any path except /hino","duration":0.7022999999999797,"failureMessages":[],"meta":{},"tags":[]},{"ancestorTitles":["evaluateHttpHead"],"fullName":"evaluateHttpHead does not let a noindex meta tag impersonate the required server X-Robots-Tag","status":"passed","title":"does not let a noindex meta tag impersonate the required server X-Robots-Tag","duration":0.17689999999998918,"failureMessages":[],"meta":{},"tags":[]},{"ancestorTitles":["evaluateHttpHead"],"fullName":"evaluateHttpHead requires the exact canonical robots directive strings","status":"passed","title":"requires the exact canonical robots directive strings","duration":0.2925999999999931,"failureMessages":[],"meta":{},"tags":[]},{"ancestorTitles":["evaluateHttpHead"],"fullName":"evaluateHttpHead rejects duplicate or conflicting robots meta tags","status":"passed","title":"rejects duplicate or conflicting robots meta tags","duration":0.35089999999999577,"failureMessages":[],"meta":{},"tags":[]},{"ancestorTitles":["evaluateHttpHead"],"fullName":"evaluateHttpHead fails positive absence assertions when private canonical or Open Graph authority leaks","status":"passed","title":"fails positive absence assertions when private canonical or Open Graph authority leaks","duration":0.21580000000000155,"failureMessages":[],"meta":{},"tags":[]},{"ancestorTitles":["evaluateHttpHead"],"fullName":"evaluateHttpHead checks canonical path, open graph, sitemap membership and structured-data scope for an indexable route","status":"passed","title":"checks canonical path, open graph, sitemap membership and structured-data scope for an indexable route","duration":0.5819999999999936,"failureMessages":[],"meta":{},"tags":[]},{"ancestorTitles":["evaluateHttpHead"],"fullName":"evaluateHttpHead rejects hostile canonical and og:url origins even when their paths match","status":"passed","title":"rejects hostile canonical and og:url origins even when their paths match","duration":0.2921000000000049,"failureMessages":[],"meta":{},"tags":[]},{"ancestorTitles":["evaluateHttpHead"],"fullName":"evaluateHttpHead requires declared Open Graph field title","status":"passed","title":"requires declared Open Graph field title","duration":0.24580000000000268,"failureMessages":[],"meta":{},"tags":[]},{"ancestorTitles":["evaluateHttpHead"],"fullName":"evaluateHttpHead requires declared Open Graph field description","status":"passed","title":"requires declared Open Graph field description","duration":0.3024000000000058,"failureMessages":[],"meta":{},"tags":[]},{"ancestorTitles":["evaluateHttpHead"],"fullName":"evaluateHttpHead requires declared Open Graph field image","status":"passed","title":"requires declared Open Graph field image","duration":0.1366999999999905,"failureMessages":[],"meta":{},"tags":[]},{"ancestorTitles":["evaluateHttpHead"],"fullName":"evaluateHttpHead requires declared Open Graph field url","status":"passed","title":"requires declared Open Graph field url","duration":0.09340000000000259,"failureMessages":[],"meta":{},"tags":[]},{"ancestorTitles":["evaluateHttpHead"],"fullName":"evaluateHttpHead requires declared Open Graph field type","status":"passed","title":"requires declared Open Graph field type","duration":0.09769999999997481,"failureMessages":[],"meta":{},"tags":[]},{"ancestorTitles":["evaluateHttpHead"],"fullName":"evaluateHttpHead marks the 404 probe authoritative only with a 404 status and a noindex signal","status":"passed","title":"marks the 404 probe authoritative only with a 404 status and a noindex signal","duration":0.27940000000000964,"failureMessages":[],"meta":{},"tags":[]},{"ancestorTitles":["evaluateHttpHead"],"fullName":"evaluateHttpHead reports sitemap parity as NOT_RUN when the sitemap was not fetched","status":"passed","title":"reports sitemap parity as NOT_RUN when the sitemap was not fetched","duration":0.14179999999998927,"failureMessages":[],"meta":{},"tags":[]}],"startTime":1788124035847,"endTime":1788124035858.2793,"status":"passed","message":"","name":"C:/Users/sboad/projects/xenios-exact-r11-evidence-primary-c015691-lf-retry3c-20260830/scripts/evidence/lib/html-metadata.test.mjs"},{"assertionResults":[{"ancestorTitles":["immutable candidate distribution"],"fullName":"immutable candidate distribution loads a preview entry with external packages from the verified npm-ci install","status":"passed","title":"loads a preview entry with external packages from the verified npm-ci install","duration":55.019000000000005,"failureMessages":[],"meta":{},"tags":[]},{"ancestorTitles":["immutable candidate distribution"],"fullName":"immutable candidate distribution rejects an inventory that does not bind the copied bytes","status":"passed","title":"rejects an inventory that does not bind the copied bytes","duration":18.15100000000001,"failureMessages":[],"meta":{},"tags":[]},{"ancestorTitles":["immutable candidate distribution"],"fullName":"immutable candidate distribution fails the end-of-capture revalidation if verified snapshot bytes change","status":"passed","title":"fails the end-of-capture revalidation if verified snapshot bytes change","duration":14.123000000000047,"failureMessages":[],"meta":{},"tags":[]}],"startTime":1788124056564,"endTime":1788124056652.123,"status":"passed","message":"","name":"C:/Users/sboad/projects/xenios-exact-r11-evidence-primary-c015691-lf-retry3c-20260830/scripts/evidence/lib/immutable-dist.test.mjs"},{"assertionResults":[{"ancestorTitles":["PAGE_AUDIT_SOURCE"],"fullName":"PAGE_AUDIT_SOURCE counts main landmarks, nested mains, duplicate ids, headings and unresolved aria references","status":"passed","title":"counts main landmarks, nested mains, duplicate ids, headings and unresolved aria references","duration":155.3837999999996,"failureMessages":[],"meta":{},"tags":[]},{"ancestorTitles":["PAGE_AUDIT_SOURCE"],"fullName":"PAGE_AUDIT_SOURCE ignores aria-hidden and inert subtrees for landmarks and ids are still deduplicated","status":"passed","title":"ignores aria-hidden and inert subtrees for landmarks and ids are still deduplicated","duration":8.27520000000004,"failureMessages":[],"meta":{},"tags":[]},{"ancestorTitles":["PAGE_AUDIT_SOURCE"],"fullName":"PAGE_AUDIT_SOURCE returns a serialisable object with the fields the reporter expects","status":"passed","title":"returns a serialisable object with the fields the reporter expects","duration":3.6784999999981665,"failureMessages":[],"meta":{},"tags":[]},{"ancestorTitles":["PAGE_AUDIT_SOURCE"],"fullName":"PAGE_AUDIT_SOURCE measures a labelled checkbox by the real clickable label union","status":"passed","title":"measures a labelled checkbox by the real clickable label union","duration":19.69959999999992,"failureMessages":[],"meta":{},"tags":[]},{"ancestorTitles":["PAGE_AUDIT_SOURCE"],"fullName":"PAGE_AUDIT_SOURCE excludes controls hidden inside closed details while retaining its summary","status":"passed","title":"excludes controls hidden inside closed details while retaining its summary","duration":13.318299999998999,"failureMessages":[],"meta":{},"tags":[]},{"ancestorTitles":["FOCUS_PROBE_SOURCE"],"fullName":"FOCUS_PROBE_SOURCE reports body when nothing is focused and describes a focused element otherwise","status":"passed","title":"reports body when nothing is focused and describes a focused element otherwise","duration":11.84479999999894,"failureMessages":[],"meta":{},"tags":[]},{"ancestorTitles":["FOCUS_PROBE_SOURCE"],"fullName":"FOCUS_PROBE_SOURCE distinguishes duplicate-looking controls without serialising their attributes or text","status":"passed","title":"distinguishes duplicate-looking controls without serialising their attributes or text","duration":13.921800000000076,"failureMessages":[],"meta":{},"tags":[]},{"ancestorTitles":["FOCUS_PROBE_SOURCE"],"fullName":"FOCUS_PROBE_SOURCE returns the complete rendered tabbable identity set","status":"passed","title":"returns the complete rendered tabbable identity set","duration":10.147899999999936,"failureMessages":[],"meta":{},"tags":[]},{"ancestorTitles":["FOCUS_PROBE_SOURCE"],"fullName":"FOCUS_PROBE_SOURCE does not expect Tab to reach descendants of closed details","status":"passed","title":"does not expect Tab to reach descendants of closed details","duration":16.930700000000797,"failureMessages":[],"meta":{},"tags":[]},{"ancestorTitles":["FOCUS_PROBE_SOURCE"],"fullName":"FOCUS_PROBE_SOURCE resets the unfocused visual baseline between responsive-width walks","status":"passed","title":"resets the unfocused visual baseline between responsive-width walks","duration":14.654699999999139,"failureMessages":[],"meta":{},"tags":[]},{"ancestorTitles":["FOCUS_PROBE_SOURCE"],"fullName":"FOCUS_PROBE_SOURCE does not treat a permanent box shadow as a focus-induced indicator","status":"passed","title":"does not treat a permanent box shadow as a focus-induced indicator","duration":7.10229999999865,"failureMessages":[],"meta":{},"tags":[]},{"ancestorTitles":["FOCUS_PROBE_SOURCE"],"fullName":"FOCUS_PROBE_SOURCE recognises visual deltas on the focused control and its focus-within ancestor","status":"passed","title":"recognises visual deltas on the focused control and its focus-within ancestor","duration":16.589100000001054,"failureMessages":[],"meta":{},"tags":[]}],"startTime":1788124054499,"endTime":1788124054791.589,"status":"passed","message":"","name":"C:/Users/sboad/projects/xenios-exact-r11-evidence-primary-c015691-lf-retry3c-20260830/scripts/evidence/lib/page-audit.test.mjs"},{"assertionResults":[{"ancestorTitles":["scanText"],"fullName":"scanText flags emails, phone numbers, live keys, JWTs and order references with redacted values","status":"passed","title":"flags emails, phone numbers, live keys, JWTs and order references with redacted values","duration":5.878700000000009,"failureMessages":[],"meta":{},"tags":[]},{"ancestorTitles":["scanText"],"fullName":"scanText ignores fixture values and published business contact addresses on the allowlist","status":"passed","title":"ignores fixture values and published business contact addresses on the allowlist","duration":0.6288000000000125,"failureMessages":[],"meta":{},"tags":[]},{"ancestorTitles":["scanText"],"fullName":"scanText allows only the exact synthetic preview personas","status":"passed","title":"allows only the exact synthetic preview personas","duration":0.2570999999999799,"failureMessages":[],"meta":{},"tags":[]},{"ancestorTitles":["scanText"],"fullName":"scanText allows only the exact synthetic assisted-order phone fixture","status":"passed","title":"allows only the exact synthetic assisted-order phone fixture","duration":0.2265999999999906,"failureMessages":[],"meta":{},"tags":[]},{"ancestorTitles":["scanText"],"fullName":"scanText allows only the reserved forged-reference fixture across evidence envelopes","status":"passed","title":"allows only the reserved forged-reference fixture across evidence envelopes","duration":0.4682999999999993,"failureMessages":[],"meta":{},"tags":[]},{"ancestorTitles":["scanText"],"fullName":"scanText is clean on ordinary page text","status":"passed","title":"is clean on ordinary page text","duration":0.1564999999999941,"failureMessages":[],"meta":{},"tags":[]},{"ancestorTitles":["scanText"],"fullName":"scanText does not misread ordinary numbers as phone numbers or SSNs","status":"passed","title":"does not misread ordinary numbers as phone numbers or SSNs","duration":0.1342999999999961,"failureMessages":[],"meta":{},"tags":[]},{"ancestorTitles":["scanText"],"fullName":"scanText detects exact-length assisted-order credentials but not ordinary token words","status":"passed","title":"detects exact-length assisted-order credentials but not ordinary token words","duration":0.3446999999999889,"failureMessages":[],"meta":{},"tags":[]},{"ancestorTitles":["scanFileName"],"fullName":"scanFileName flags an order reference or email in a file name","status":"passed","title":"flags an order reference or email in a file name","duration":0.5939999999999941,"failureMessages":[],"meta":{},"tags":[]},{"ancestorTitles":["redact / summariseFindings"],"fullName":"redact / summariseFindings keeps only two leading and trailing characters","status":"passed","title":"keeps only two leading and trailing characters","duration":0.4158999999999935,"failureMessages":[],"meta":{},"tags":[]},{"ancestorTitles":["redact / summariseFindings"],"fullName":"redact / summariseFindings summarises by id","status":"passed","title":"summarises by id","duration":0.3780000000000143,"failureMessages":[],"meta":{},"tags":[]}],"startTime":1788124055957,"endTime":1788124055967.378,"status":"passed","message":"","name":"C:/Users/sboad/projects/xenios-exact-r11-evidence-primary-c015691-lf-retry3c-20260830/scripts/evidence/lib/pii-scan.test.mjs"},{"assertionResults":[{"ancestorTitles":["preview Supabase session fixture"],"fullName":"preview Supabase session fixture performs the one-time nonce exchange and session lifecycle with database-shaped scalars","status":"passed","title":"performs the one-time nonce exchange and session lifecycle with database-shaped scalars","duration":63.723100000000045,"failureMessages":[],"meta":{},"tags":[]},{"ancestorTitles":["preview Supabase session fixture"],"fullName":"preview Supabase session fixture retains expired hash tombstones and refuses reuse like the durable SQL","status":"passed","title":"retains expired hash tombstones and refuses reuse like the durable SQL","duration":16.635899999999992,"failureMessages":[],"meta":{},"tags":[]},{"ancestorTitles":["preview Supabase session fixture"],"fullName":"preview Supabase session fixture refuses future-issued nonce and session rows after a clock rollback","status":"passed","title":"refuses future-issued nonce and session rows after a clock rollback","duration":10.434299999999894,"failureMessages":[],"meta":{},"tags":[]},{"ancestorTitles":["preview Supabase session fixture"],"fullName":"preview Supabase session fixture matches the actual server-side Supabase RPC client's wire shape","status":"passed","title":"matches the actual server-side Supabase RPC client's wire shape","duration":14.334799999999973,"failureMessages":[],"meta":{},"tags":[]},{"ancestorTitles":["preview Supabase session fixture"],"fullName":"preview Supabase session fixture refuses every non-session mutation and requires the local service-role headers","status":"passed","title":"refuses every non-session mutation and requires the local service-role headers","duration":7.645399999999995,"failureMessages":[],"meta":{},"tags":[]},{"ancestorTitles":["preview Supabase session fixture"],"fullName":"preview Supabase session fixture returns fail-closed scalars for malformed hashes, owner drift, and extra arguments","status":"passed","title":"returns fail-closed scalars for malformed hashes, owner drift, and extra arguments","duration":6.741800000000012,"failureMessages":[],"meta":{},"tags":[]},{"ancestorTitles":["preview Supabase session fixture"],"fullName":"preview Supabase session fixture bounds request bodies and retained state","status":"passed","title":"bounds request bodies and retained state","duration":11.235500000000002,"failureMessages":[],"meta":{},"tags":[]}],"startTime":1788124055596,"endTime":1788124055727.2356,"status":"passed","message":"","name":"C:/Users/sboad/projects/xenios-exact-r11-evidence-primary-c015691-lf-retry3c-20260830/scripts/evidence/lib/preview-supabase-fixture.test.mjs"},{"assertionResults":[{"ancestorTitles":["validatePreviewProvenance"],"fullName":"validatePreviewProvenance accepts a build bound to the exact candidate and source tree","status":"passed","title":"accepts a build bound to the exact candidate and source tree","duration":2.9358000000000004,"failureMessages":[],"meta":{},"tags":[]},{"ancestorTitles":["validatePreviewProvenance"],"fullName":"validatePreviewProvenance rejects a stale SHA, tree, inventory, or timestamp","status":"passed","title":"rejects a stale SHA, tree, inventory, or timestamp","duration":1.6691000000000145,"failureMessages":[],"meta":{},"tags":[]},{"ancestorTitles":["validatePreviewProvenance"],"fullName":"validatePreviewProvenance rejects a build made with any runtime other than the release pins","status":"passed","title":"rejects a build made with any runtime other than the release pins","duration":0.5553000000000168,"failureMessages":[],"meta":{},"tags":[]}],"startTime":1788124056841,"endTime":1788124056846.5554,"status":"passed","message":"","name":"C:/Users/sboad/projects/xenios-exact-r11-evidence-primary-c015691-lf-retry3c-20260830/scripts/evidence/lib/provenance.test.mjs"},{"assertionResults":[{"ancestorTitles":["evaluateAudit"],"fullName":"evaluateAudit passes a clean audit with a complete focus walk","status":"passed","title":"passes a clean audit with a complete focus walk","duration":2.691599999999994,"failureMessages":[],"meta":{},"tags":[]},{"ancestorTitles":["evaluateAudit"],"fullName":"evaluateAudit fails horizontal overflow, undersized targets, nested and duplicate main, duplicate ids","status":"passed","title":"fails horizontal overflow, undersized targets, nested and duplicate main, duplicate ids","duration":0.5446999999999775,"failureMessages":[],"meta":{},"tags":[]},{"ancestorTitles":["evaluateAudit"],"fullName":"evaluateAudit treats console warnings as clean and 4xx/failed network as unclean unless allowlisted","status":"passed","title":"treats console warnings as clean and 4xx/failed network as unclean unless allowlisted","duration":0.4993000000000052,"failureMessages":[],"meta":{},"tags":[]},{"ancestorTitles":["evaluateAudit"],"fullName":"evaluateAudit blocks every attempted escape from the preview network boundary","status":"passed","title":"blocks every attempted escape from the preview network boundary","duration":1.0506000000000029,"failureMessages":[],"meta":{},"tags":[]},{"ancestorTitles":["evaluateAudit"],"fullName":"evaluateAudit records exact declared fail-closed HTTP responses as pass-with-notes","status":"passed","title":"records exact declared fail-closed HTTP responses as pass-with-notes","duration":0.4707000000000221,"failureMessages":[],"meta":{},"tags":[]},{"ancestorTitles":["evaluateAudit"],"fullName":"evaluateAudit accounts separately for one document failure, its worker observation, and its API denial","status":"passed","title":"accounts separately for one document failure, its worker observation, and its API denial","duration":0.6454999999999984,"failureMessages":[],"meta":{},"tags":[]},{"ancestorTitles":["evaluateAudit"],"fullName":"evaluateAudit keeps a status or count drift in a declared HTTP failure blocking","status":"passed","title":"keeps a status or count drift in a declared HTTP failure blocking","duration":0.2004000000000019,"failureMessages":[],"meta":{},"tags":[]},{"ancestorTitles":["evaluateAudit"],"fullName":"evaluateAudit blocks an additional undeclared failure beside an exact declared response","status":"passed","title":"blocks an additional undeclared failure beside an exact declared response","duration":0.234800000000007,"failureMessages":[],"meta":{},"tags":[]},{"ancestorTitles":["evaluateAudit"],"fullName":"evaluateAudit blocks a declared response with 0 matching console signals","status":"passed","title":"blocks a declared response with 0 matching console signals","duration":0.3517999999999972,"failureMessages":[],"meta":{},"tags":[]},{"ancestorTitles":["evaluateAudit"],"fullName":"evaluateAudit blocks a declared response with 2 matching console signals","status":"passed","title":"blocks a declared response with 2 matching console signals","duration":0.3825999999999965,"failureMessages":[],"meta":{},"tags":[]},{"ancestorTitles":["reviewed historical target findings"],"fullName":"reviewed historical target findings only converts an exact target-finding fingerprint to pass-with-notes","status":"passed","title":"only converts an exact target-finding fingerprint to pass-with-notes","duration":1.0275000000000034,"failureMessages":[],"meta":{},"tags":[]},{"ancestorTitles":["runVerdict"],"fullName":"runVerdict treats every failed assertion as release-blocking","status":"passed","title":"treats every failed assertion as release-blocking","duration":0.1524000000000001,"failureMessages":[],"meta":{},"tags":[]},{"ancestorTitles":["runVerdict"],"fullName":"runVerdict never yields a bare PASS string","status":"passed","title":"never yields a bare PASS string","duration":0.29710000000000036,"failureMessages":[],"meta":{},"tags":[]},{"ancestorTitles":["analyseFocusWalk"],"fullName":"analyseFocusWalk records stops until the walk cycles back to body","status":"passed","title":"records stops until the walk cycles back to body","duration":0.7007000000000119,"failureMessages":[],"meta":{},"tags":[]},{"ancestorTitles":["analyseFocusWalk"],"fullName":"analyseFocusWalk detects a focus trap when the same element repeats","status":"passed","title":"detects a focus trap when the same element repeats","duration":0.23920000000001096,"failureMessages":[],"meta":{},"tags":[]},{"ancestorTitles":["analyseFocusWalk"],"fullName":"analyseFocusWalk detects a cycle when a previously seen stop recurs","status":"passed","title":"detects a cycle when a previously seen stop recurs","duration":0.31459999999998445,"failureMessages":[],"meta":{},"tags":[]},{"ancestorTitles":["analyseFocusWalk"],"fullName":"analyseFocusWalk rejects an A,B,A cycle when a baseline C tab stop was never reached","status":"passed","title":"rejects an A,B,A cycle when a baseline C tab stop was never reached","duration":0.34379999999998745,"failureMessages":[],"meta":{},"tags":[]},{"ancestorTitles":["analyseFocusWalk"],"fullName":"analyseFocusWalk does not confuse distinct duplicate-looking controls with a completed cycle","status":"passed","title":"does not confuse distinct duplicate-looking controls with a completed cycle","duration":0.2224999999999966,"failureMessages":[],"meta":{},"tags":[]},{"ancestorTitles":["analyseFocusWalk"],"fullName":"analyseFocusWalk makes a missing deterministic identity release-blocking","status":"passed","title":"makes a missing deterministic identity release-blocking","duration":0.28950000000000387,"failureMessages":[],"meta":{},"tags":[]},{"ancestorTitles":["analyseFocusWalk"],"fullName":"analyseFocusWalk rejects a permanent visual style with no focus-induced delta","status":"passed","title":"rejects a permanent visual style with no focus-induced delta","duration":0.2775999999999783,"failureMessages":[],"meta":{},"tags":[]},{"ancestorTitles":["analyseFocusWalk"],"fullName":"analyseFocusWalk makes a max-stop truncation release-blocking instead of accepting a partial walk","status":"passed","title":"makes a max-stop truncation release-blocking instead of accepting a partial walk","duration":0.22829999999999018,"failureMessages":[],"meta":{},"tags":[]},{"ancestorTitles":["artifactName / slug"],"fullName":"artifactName / slug follows the packet convention <surface>--<state>--<browser>--<width|200pct>--<seq>.png","status":"passed","title":"follows the packet convention <surface>--<state>--<browser>--<width|200pct>--<seq>.png","duration":0.24989999999999668,"failureMessages":[],"meta":{},"tags":[]},{"ancestorTitles":["artifactName / slug"],"fullName":"artifactName / slug slugs never carry characters outside [a-z0-9-]","status":"passed","title":"slugs never carry characters outside [a-z0-9-]","duration":0.0952999999999804,"failureMessages":[],"meta":{},"tags":[]},{"ancestorTitles":["aggregateAccessibility"],"fullName":"aggregateAccessibility rolls runs up into the manifest block without ever emitting a bare PASS","status":"passed","title":"rolls runs up into the manifest block without ever emitting a bare PASS","duration":0.4435000000000002,"failureMessages":[],"meta":{},"tags":[]},{"ancestorTitles":["aggregateAccessibility"],"fullName":"aggregateAccessibility is PENDING with no runs","status":"passed","title":"is PENDING with no runs","duration":0.09479999999999222,"failureMessages":[],"meta":{},"tags":[]}],"startTime":1788124035619,"endTime":1788124035632.4436,"status":"passed","message":"","name":"C:/Users/sboad/projects/xenios-exact-r11-evidence-primary-c015691-lf-retry3c-20260830/scripts/evidence/lib/report.test.mjs"}]}